2012.07.14 22:25 B C:\Documents and Settings\Mike\Desktop\Webapp\images\background.jpg --> ftp.jacksononline.co.uk /html/jacksononline.co.uk/webapp/images background.jpg
2012.07.14 22:30 B C:\Documents and Settings\Mike\Desktop\Webapp\images\background.jpg --> ftp.jacksononline.co.uk /html/jacksononline.co.uk/webapp/images background.jpg
2012.07.14 22:30 B C:\Documents and Settings\Mike\Desktop\Webapp\images\app_background_640x960.jpg --> ftp.jacksononline.co.uk /html/jacksononline.co.uk/webapp/images app_background_640x960.jpg
2012.07.15 10:48 A C:\Documents and Settings\Mike\Desktop\Webapp\images\ajax-loader.gif --> ftp.jacksononline.co.uk /html/jacksononline.co.uk/webapp/images ajax-loader.gif
2012.07.15 10:48 A C:\Documents and Settings\Mike\Desktop\Webapp\images\ajax-loader.png --> ftp.jacksononline.co.uk /html/jacksononline.co.uk/webapp/images ajax-loader.png
2012.07.15 10:48 A C:\Documents and Settings\Mike\Desktop\Webapp\images\app icon.jpg --> ftp.jacksononline.co.uk /html/jacksononline.co.uk/webapp/images app icon.jpg
2012.07.15 10:48 A C:\Documents and Settings\Mike\Desktop\Webapp\images\app_background_640x960.jpg --> ftp.jacksononline.co.uk /html/jacksononline.co.uk/webapp/images app_background_640x960.jpg
2012.07.15 10:48 A C:\Documents and Settings\Mike\Desktop\Webapp\images\background.jpg --> ftp.jacksononline.co.uk /html/jacksononline.co.uk/webapp/images background.jpg
2012.07.15 10:48 A C:\Documents and Settings\Mike\Desktop\Webapp\images\bg.png --> ftp.jacksononline.co.uk /html/jacksononline.co.uk/webapp/images bg.png
2012.07.15 10:48 A C:\Documents and Settings\Mike\Desktop\Webapp\images\icons-18-black.png --> ftp.jacksononline.co.uk /html/jacksononline.co.uk/webapp/images icons-18-black.png
2012.07.15 10:48 A C:\Documents and Settings\Mike\Desktop\Webapp\images\icons-18-white.png --> ftp.jacksononline.co.uk /html/jacksononline.co.uk/webapp/images icons-18-white.png
2012.07.15 10:48 A C:\Documents and Settings\Mike\Desktop\Webapp\images\icons-36-black.png --> ftp.jacksononline.co.uk /html/jacksononline.co.uk/webapp/images icons-36-black.png
2012.07.15 10:48 A C:\Documents and Settings\Mike\Desktop\Webapp\images\icons-36-white.png --> ftp.jacksononline.co.uk /html/jacksononline.co.uk/webapp/images icons-36-white.png
2012.07.15 10:48 A C:\Documents and Settings\Mike\Desktop\Webapp\images\launch_icon_114.jpg --> ftp.jacksononline.co.uk /html/jacksononline.co.uk/webapp/images launch_icon_114.jpg
2012.07.15 10:48 A C:\Documents and Settings\Mike\Desktop\Webapp\images\launch_icon_57.jpg --> ftp.jacksononline.co.uk /html/jacksononline.co.uk/webapp/images launch_icon_57.jpg
2012.07.15 10:48 A C:\Documents and Settings\Mike\Desktop\Webapp\images\launch_icon_72.jpg --> ftp.jacksononline.co.uk /html/jacksononline.co.uk/webapp/images launch_icon_72.jpg
2012.07.15 10:48 A C:\Documents and Settings\Mike\Desktop\Webapp\images\map1.png --> ftp.jacksononline.co.uk /html/jacksononline.co.uk/webapp/images map1.png
2012.07.15 10:48 A C:\Documents and Settings\Mike\Desktop\Webapp\images\map2.png --> ftp.jacksononline.co.uk /html/jacksononline.co.uk/webapp/images map2.png
2012.07.15 10:48 A C:\Documents and Settings\Mike\Desktop\Webapp\images\map2.psd --> ftp.jacksononline.co.uk /html/jacksononline.co.uk/webapp/images map2.psd
2012.07.15 10:48 A C:\Documents and Settings\Mike\Desktop\Webapp\images\stop01.png --> ftp.jacksononline.co.uk /html/jacksononline.co.uk/webapp/images stop01.png
2012.07.15 10:48 A C:\Documents and Settings\Mike\Desktop\Webapp\images\stop02.png --> ftp.jacksononline.co.uk /html/jacksononline.co.uk/webapp/images stop02.png
2012.07.15 10:48 A C:\Documents and Settings\Mike\Desktop\Webapp\images\stop03.png --> ftp.jacksononline.co.uk /html/jacksononline.co.uk/webapp/images stop03.png
2012.07.15 10:48 A C:\Documents and Settings\Mike\Desktop\Webapp\images\stop04.png --> ftp.jacksononline.co.uk /html/jacksononline.co.uk/webapp/images stop04.png
2012.07.15 10:48 A C:\Documents and Settings\Mike\Desktop\Webapp\images\stop05.png --> ftp.jacksononline.co.uk /html/jacksononline.co.uk/webapp/images stop05.png
2012.07.15 10:48 A C:\Documents and Settings\Mike\Desktop\Webapp\images\stop06.png --> ftp.jacksononline.co.uk /html/jacksononline.co.uk/webapp/images stop06.png
2012.07.15 10:48 A C:\Documents and Settings\Mike\Desktop\Webapp\images\stop07.png --> ftp.jacksononline.co.uk /html/jacksononline.co.uk/webapp/images stop07.png
2012.07.15 10:48 A C:\Documents and Settings\Mike\Desktop\Webapp\images\stop08.png --> ftp.jacksononline.co.uk /html/jacksononline.co.uk/webapp/images stop08.png
2012.07.15 10:48 A C:\Documents and Settings\Mike\Desktop\Webapp\images\stop09.png --> ftp.jacksononline.co.uk /html/jacksononline.co.uk/webapp/images stop09.png
2012.07.15 10:48 A C:\Documents and Settings\Mike\Desktop\Webapp\images\stop10.png --> ftp.jacksononline.co.uk /html/jacksononline.co.uk/webapp/images stop10.png
2012.07.15 10:48 A C:\Documents and Settings\Mike\Desktop\Webapp\images\stop11.png --> ftp.jacksononline.co.uk /html/jacksononline.co.uk/webapp/images stop11.png
2012.07.15 10:48 A C:\Documents and Settings\Mike\Desktop\Webapp\images\stop12.png --> ftp.jacksononline.co.uk /html/jacksononline.co.uk/webapp/images stop12.png
2012.07.15 10:48 A C:\Documents and Settings\Mike\Desktop\Webapp\images\stop13.png --> ftp.jacksononline.co.uk /html/jacksononline.co.uk/webapp/images stop13.png
2012.07.15 10:48 A C:\Documents and Settings\Mike\Desktop\Webapp\images\stop14.png --> ftp.jacksononline.co.uk /html/jacksononline.co.uk/webapp/images stop14.png
2012.07.15 10:48 A C:\Documents and Settings\Mike\Desktop\Webapp\images\stop15.png --> ftp.jacksononline.co.uk /html/jacksononline.co.uk/webapp/images stop15.png
2012.07.15 10:48 A C:\Documents and Settings\Mike\Desktop\Webapp\images\stop16.png --> ftp.jacksononline.co.uk /html/jacksononline.co.uk/webapp/images stop16.png
2012.07.15 10:48 A C:\Documents and Settings\Mike\Desktop\Webapp\images\stop17.png --> ftp.jacksononline.co.uk /html/jacksononline.co.uk/webapp/images stop17.png
2012.07.15 10:48 A C:\Documents and Settings\Mike\Desktop\Webapp\images\stop18.png --> ftp.jacksononline.co.uk /html/jacksononline.co.uk/webapp/images stop18.png
2012.07.15 10:48 A C:\Documents and Settings\Mike\Desktop\Webapp\images\stop19.png --> ftp.jacksononline.co.uk /html/jacksononline.co.uk/webapp/images stop19.png
2012.07.15 10:48 A C:\Documents and Settings\Mike\Desktop\Webapp\images\stop20.png --> ftp.jacksononline.co.uk /html/jacksononline.co.uk/webapp/images stop20.png
2012.07.15 10:48 A C:\Documents and Settings\Mike\Desktop\Webapp\images\stop21.png --> ftp.jacksononline.co.uk /html/jacksononline.co.uk/webapp/images stop21.png
2012.07.15 10:48 A C:\Documents and Settings\Mike\Desktop\Webapp\images\stop22.png --> ftp.jacksononline.co.uk /html/jacksononline.co.uk/webapp/images stop22.png
2012.07.15 10:48 A C:\Documents and Settings\Mike\Desktop\Webapp\images\stop23.png --> ftp.jacksononline.co.uk /html/jacksononline.co.uk/webapp/images stop23.png
2012.07.15 10:48 A C:\Documents and Settings\Mike\Desktop\Webapp\images\stop24.png --> ftp.jacksononline.co.uk /html/jacksononline.co.uk/webapp/images stop24.png
2012.07.15 10:48 A C:\Documents and Settings\Mike\Desktop\Webapp\images\stop25.png --> ftp.jacksononline.co.uk /html/jacksononline.co.uk/webapp/images stop25.png
2012.07.15 10:48 A C:\Documents and Settings\Mike\Desktop\Webapp\images\stop26.png --> ftp.jacksononline.co.uk /html/jacksononline.co.uk/webapp/images stop26.png
2012.07.15 10:48 A C:\Documents and Settings\Mike\Desktop\Webapp\images\stop27.png --> ftp.jacksononline.co.uk /html/jacksononline.co.uk/webapp/images stop27.png
2012.07.15 11:01 A C:\Documents and Settings\Mike\Desktop\Webapp\images\ajax-loader.gif --> ftp.jacksononline.co.uk /html/jacksononline.co.uk/Webapp/images ajax-loader.gif
2012.07.15 11:01 A C:\Documents and Settings\Mike\Desktop\Webapp\images\ajax-loader.png --> ftp.jacksononline.co.uk /html/jacksononline.co.uk/Webapp/images ajax-loader.png
2012.07.15 11:01 A C:\Documents and Settings\Mike\Desktop\Webapp\images\app icon.jpg --> ftp.jacksononline.co.uk /html/jacksononline.co.uk/Webapp/images app icon.jpg
2012.07.15 11:01 A C:\Documents and Settings\Mike\Desktop\Webapp\images\app_background_640x960.jpg --> ftp.jacksononline.co.uk /html/jacksononline.co.uk/Webapp/images app_background_640x960.jpg
2012.07.15 11:01 A C:\Documents and Settings\Mike\Desktop\Webapp\images\background.jpg --> ftp.jacksononline.co.uk /html/jacksononline.co.uk/Webapp/images background.jpg
2012.07.15 11:01 A C:\Documents and Settings\Mike\Desktop\Webapp\images\bg.png --> ftp.jacksononline.co.uk /html/jacksononline.co.uk/Webapp/images bg.png
2012.07.15 11:01 A C:\Documents and Settings\Mike\Desktop\Webapp\images\icons-18-black.png --> ftp.jacksononline.co.uk /html/jacksononline.co.uk/Webapp/images icons-18-black.png
2012.07.15 11:01 A C:\Documents and Settings\Mike\Desktop\Webapp\images\icons-18-white.png --> ftp.jacksononline.co.uk /html/jacksononline.co.uk/Webapp/images icons-18-white.png
2012.07.15 11:01 A C:\Documents and Settings\Mike\Desktop\Webapp\images\icons-36-black.png --> ftp.jacksononline.co.uk /html/jacksononline.co.uk/Webapp/images icons-36-black.png
2012.07.15 11:01 A C:\Documents and Settings\Mike\Desktop\Webapp\images\icons-36-white.png --> ftp.jacksononline.co.uk /html/jacksononline.co.uk/Webapp/images icons-36-white.png
2012.07.15 11:01 A C:\Documents and Settings\Mike\Desktop\Webapp\images\launch_icon_114.jpg --> ftp.jacksononline.co.uk /html/jacksononline.co.uk/Webapp/images launch_icon_114.jpg
2012.07.15 11:01 A C:\Documents and Settings\Mike\Desktop\Webapp\images\launch_icon_57.jpg --> ftp.jacksononline.co.uk /html/jacksononline.co.uk/Webapp/images launch_icon_57.jpg
2012.07.15 11:01 A C:\Documents and Settings\Mike\Desktop\Webapp\images\launch_icon_72.jpg --> ftp.jacksononline.co.uk /html/jacksononline.co.uk/Webapp/images launch_icon_72.jpg
2012.07.15 11:01 A C:\Documents and Settings\Mike\Desktop\Webapp\images\map1.png --> ftp.jacksononline.co.uk /html/jacksononline.co.uk/Webapp/images map1.png
2012.07.15 11:01 A C:\Documents and Settings\Mike\Desktop\Webapp\images\map2.png --> ftp.jacksononline.co.uk /html/jacksononline.co.uk/Webapp/images map2.png
2012.07.15 11:01 A C:\Documents and Settings\Mike\Desktop\Webapp\images\map2.psd --> ftp.jacksononline.co.uk /html/jacksononline.co.uk/Webapp/images map2.psd
2012.07.15 11:01 A C:\Documents and Settings\Mike\Desktop\Webapp\images\stop01.png --> ftp.jacksononline.co.uk /html/jacksononline.co.uk/Webapp/images stop01.png
2012.07.15 11:01 A C:\Documents and Settings\Mike\Desktop\Webapp\images\stop02.png --> ftp.jacksononline.co.uk /html/jacksononline.co.uk/Webapp/images stop02.png
2012.07.15 11:01 A C:\Documents and Settings\Mike\Desktop\Webapp\images\stop03.png --> ftp.jacksononline.co.uk /html/jacksononline.co.uk/Webapp/images stop03.png
2012.07.15 11:01 A C:\Documents and Settings\Mike\Desktop\Webapp\images\stop04.png --> ftp.jacksononline.co.uk /html/jacksononline.co.uk/Webapp/images stop04.png
2012.07.15 11:01 A C:\Documents and Settings\Mike\Desktop\Webapp\images\stop05.png --> ftp.jacksononline.co.uk /html/jacksononline.co.uk/Webapp/images stop05.png
2012.07.15 11:01 A C:\Documents and Settings\Mike\Desktop\Webapp\images\stop06.png --> ftp.jacksononline.co.uk /html/jacksononline.co.uk/Webapp/images stop06.png
2012.07.15 11:01 A C:\Documents and Settings\Mike\Desktop\Webapp\images\stop07.png --> ftp.jacksononline.co.uk /html/jacksononline.co.uk/Webapp/images stop07.png
2012.07.15 11:01 A C:\Documents and Settings\Mike\Desktop\Webapp\images\stop08.png --> ftp.jacksononline.co.uk /html/jacksononline.co.uk/Webapp/images stop08.png
2012.07.15 11:01 A C:\Documents and Settings\Mike\Desktop\Webapp\images\stop09.png --> ftp.jacksononline.co.uk /html/jacksononline.co.uk/Webapp/images stop09.png
2012.07.15 11:01 A C:\Documents and Settings\Mike\Desktop\Webapp\images\stop10.png --> ftp.jacksononline.co.uk /html/jacksononline.co.uk/Webapp/images stop10.png
2012.07.15 11:01 A C:\Documents and Settings\Mike\Desktop\Webapp\images\stop11.png --> ftp.jacksononline.co.uk /html/jacksononline.co.uk/Webapp/images stop11.png
2012.07.15 11:01 A C:\Documents and Settings\Mike\Desktop\Webapp\images\stop12.png --> ftp.jacksononline.co.uk /html/jacksononline.co.uk/Webapp/images stop12.png
2012.07.15 11:01 A C:\Documents and Settings\Mike\Desktop\Webapp\images\stop13.png --> ftp.jacksononline.co.uk /html/jacksononline.co.uk/Webapp/images stop13.png
2012.07.15 11:01 A C:\Documents and Settings\Mike\Desktop\Webapp\images\stop14.png --> ftp.jacksononline.co.uk /html/jacksononline.co.uk/Webapp/images stop14.png
2012.07.15 11:01 A C:\Documents and Settings\Mike\Desktop\Webapp\images\stop15.png --> ftp.jacksononline.co.uk /html/jacksononline.co.uk/Webapp/images stop15.png
2012.07.15 11:01 A C:\Documents and Settings\Mike\Desktop\Webapp\images\stop16.png --> ftp.jacksononline.co.uk /html/jacksononline.co.uk/Webapp/images stop16.png
2012.07.15 11:01 A C:\Documents and Settings\Mike\Desktop\Webapp\images\stop17.png --> ftp.jacksononline.co.uk /html/jacksononline.co.uk/Webapp/images stop17.png
2012.07.15 11:01 A C:\Documents and Settings\Mike\Desktop\Webapp\images\stop18.png --> ftp.jacksononline.co.uk /html/jacksononline.co.uk/Webapp/images stop18.png
2012.07.15 11:01 A C:\Documents and Settings\Mike\Desktop\Webapp\images\stop19.png --> ftp.jacksononline.co.uk /html/jacksononline.co.uk/Webapp/images stop19.png
2012.07.15 11:01 A C:\Documents and Settings\Mike\Desktop\Webapp\images\stop20.png --> ftp.jacksononline.co.uk /html/jacksononline.co.uk/Webapp/images stop20.png
2012.07.15 11:01 A C:\Documents and Settings\Mike\Desktop\Webapp\images\stop21.png --> ftp.jacksononline.co.uk /html/jacksononline.co.uk/Webapp/images stop21.png
2012.07.15 11:01 A C:\Documents and Settings\Mike\Desktop\Webapp\images\stop22.png --> ftp.jacksononline.co.uk /html/jacksononline.co.uk/Webapp/images stop22.png
2012.07.15 11:01 A C:\Documents and Settings\Mike\Desktop\Webapp\images\stop23.png --> ftp.jacksononline.co.uk /html/jacksononline.co.uk/Webapp/images stop23.png
2012.07.15 11:01 A C:\Documents and Settings\Mike\Desktop\Webapp\images\stop24.png --> ftp.jacksononline.co.uk /html/jacksononline.co.uk/Webapp/images stop24.png
2012.07.15 11:01 A C:\Documents and Settings\Mike\Desktop\Webapp\images\stop25.png --> ftp.jacksononline.co.uk /html/jacksononline.co.uk/Webapp/images stop25.png
2012.07.15 11:01 A C:\Documents and Settings\Mike\Desktop\Webapp\images\stop26.png --> ftp.jacksononline.co.uk /html/jacksononline.co.uk/Webapp/images stop26.png
2012.07.15 11:01 A C:\Documents and Settings\Mike\Desktop\Webapp\images\stop27.png --> ftp.jacksononline.co.uk /html/jacksononline.co.uk/Webapp/images stop27.png
2012.07.15 11:01 A C:\Documents and Settings\Mike\Desktop\Webapp\images\Thumbs.db --> ftp.jacksononline.co.uk /html/jacksononline.co.uk/Webapp/images Thumbs.db
2012.07.15 11:01 A C:\Documents and Settings\Mike\Desktop\Webapp\images\WS_FTP.LOG --> ftp.jacksononline.co.uk /html/jacksononline.co.uk/Webapp/images WS_FTP.LOG
2012.07.15 11:04 A C:\Documents and Settings\Mike\Desktop\webapp\images\ajax-loader.gif --> ftp.jacksononline.co.uk /html/jacksononline.co.uk/webapp/images ajax-loader.gif
2012.07.15 11:04 A C:\Documents and Settings\Mike\Desktop\webapp\images\ajax-loader.png --> ftp.jacksononline.co.uk /html/jacksononline.co.uk/webapp/images ajax-loader.png
2012.07.15 11:04 A C:\Documents and Settings\Mike\Desktop\webapp\images\app icon.jpg --> ftp.jacksononline.co.uk /html/jacksononline.co.uk/webapp/images app icon.jpg
2012.07.15 11:04 A C:\Documents and Settings\Mike\Desktop\webapp\images\app_background_640x960.jpg --> ftp.jacksononline.co.uk /html/jacksononline.co.uk/webapp/images app_background_640x960.jpg
2012.07.15 11:04 A C:\Documents and Settings\Mike\Desktop\webapp\images\background.jpg --> ftp.jacksononline.co.uk /html/jacksononline.co.uk/webapp/images background.jpg
2012.07.15 11:04 A C:\Documents and Settings\Mike\Desktop\webapp\images\bg.png --> ftp.jacksononline.co.uk /html/jacksononline.co.uk/webapp/images bg.png
2012.07.15 11:04 A C:\Documents and Settings\Mike\Desktop\webapp\images\icons-18-black.png --> ftp.jacksononline.co.uk /html/jacksononline.co.uk/webapp/images icons-18-black.png
2012.07.15 11:04 A C:\Documents and Settings\Mike\Desktop\webapp\images\icons-18-white.png --> ftp.jacksononline.co.uk /html/jacksononline.co.uk/webapp/images icons-18-white.png
2012.07.15 11:04 A C:\Documents and Settings\Mike\Desktop\webapp\images\icons-36-black.png --> ftp.jacksononline.co.uk /html/jacksononline.co.uk/webapp/images icons-36-black.png
2012.07.15 11:04 A C:\Documents and Settings\Mike\Desktop\webapp\images\icons-36-white.png --> ftp.jacksononline.co.uk /html/jacksononline.co.uk/webapp/images icons-36-white.png
2012.07.15 11:04 A C:\Documents and Settings\Mike\Desktop\webapp\images\launch_icon_114.jpg --> ftp.jacksononline.co.uk /html/jacksononline.co.uk/webapp/images launch_icon_114.jpg
2012.07.15 11:04 A C:\Documents and Settings\Mike\Desktop\webapp\images\launch_icon_57.jpg --> ftp.jacksononline.co.uk /html/jacksononline.co.uk/webapp/images launch_icon_57.jpg
2012.07.15 11:04 A C:\Documents and Settings\Mike\Desktop\webapp\images\launch_icon_72.jpg --> ftp.jacksononline.co.uk /html/jacksononline.co.uk/webapp/images launch_icon_72.jpg
2012.07.15 11:04 A C:\Documents and Settings\Mike\Desktop\webapp\images\map1.png --> ftp.jacksononline.co.uk /html/jacksononline.co.uk/webapp/images map1.png
2012.07.15 11:04 A C:\Documents and Settings\Mike\Desktop\webapp\images\map2.png --> ftp.jacksononline.co.uk /html/jacksononline.co.uk/webapp/images map2.png
2012.07.15 11:04 A C:\Documents and Settings\Mike\Desktop\webapp\images\map2.psd --> ftp.jacksononline.co.uk /html/jacksononline.co.uk/webapp/images map2.psd
2012.07.15 11:04 A C:\Documents and Settings\Mike\Desktop\webapp\images\stop01.png --> ftp.jacksononline.co.uk /html/jacksononline.co.uk/webapp/images stop01.png
2012.07.15 11:04 A C:\Documents and Settings\Mike\Desktop\webapp\images\stop02.png --> ftp.jacksononline.co.uk /html/jacksononline.co.uk/webapp/images stop02.png
2012.07.15 11:04 A C:\Documents and Settings\Mike\Desktop\webapp\images\stop03.png --> ftp.jacksononline.co.uk /html/jacksononline.co.uk/webapp/images stop03.png
2012.07.15 11:04 A C:\Documents and Settings\Mike\Desktop\webapp\images\stop04.png --> ftp.jacksononline.co.uk /html/jacksononline.co.uk/webapp/images stop04.png
2012.07.15 11:04 A C:\Documents and Settings\Mike\Desktop\webapp\images\stop05.png --> ftp.jacksononline.co.uk /html/jacksononline.co.uk/webapp/images stop05.png
2012.07.15 11:04 A C:\Documents and Settings\Mike\Desktop\webapp\images\stop06.png --> ftp.jacksononline.co.uk /html/jacksononline.co.uk/webapp/images stop06.png
2012.07.15 11:04 A C:\Documents and Settings\Mike\Desktop\webapp\images\stop07.png --> ftp.jacksononline.co.uk /html/jacksononline.co.uk/webapp/images stop07.png
2012.07.15 11:04 A C:\Documents and Settings\Mike\Desktop\webapp\images\stop08.png --> ftp.jacksononline.co.uk /html/jacksononline.co.uk/webapp/images stop08.png
2012.07.15 11:04 A C:\Documents and Settings\Mike\Desktop\webapp\images\stop09.png --> ftp.jacksononline.co.uk /html/jacksononline.co.uk/webapp/images stop09.png
2012.07.15 11:04 A C:\Documents and Settings\Mike\Desktop\webapp\images\stop10.png --> ftp.jacksononline.co.uk /html/jacksononline.co.uk/webapp/images stop10.png
2012.07.15 11:04 A C:\Documents and Settings\Mike\Desktop\webapp\images\stop11.png --> ftp.jacksononline.co.uk /html/jacksononline.co.uk/webapp/images stop11.png
2012.07.15 11:04 A C:\Documents and Settings\Mike\Desktop\webapp\images\stop12.png --> ftp.jacksononline.co.uk /html/jacksononline.co.uk/webapp/images stop12.png
2012.07.15 11:04 A C:\Documents and Settings\Mike\Desktop\webapp\images\stop13.png --> ftp.jacksononline.co.uk /html/jacksononline.co.uk/webapp/images stop13.png
2012.07.15 11:04 A C:\Documents and Settings\Mike\Desktop\webapp\images\stop14.png --> ftp.jacksononline.co.uk /html/jacksononline.co.uk/webapp/images stop14.png
2012.07.15 11:04 A C:\Documents and Settings\Mike\Desktop\webapp\images\stop15.png --> ftp.jacksononline.co.uk /html/jacksononline.co.uk/webapp/images stop15.png
2012.07.15 11:04 A C:\Documents and Settings\Mike\Desktop\webapp\images\stop16.png --> ftp.jacksononline.co.uk /html/jacksononline.co.uk/webapp/images stop16.png
2012.07.15 11:04 A C:\Documents and Settings\Mike\Desktop\webapp\images\stop17.png --> ftp.jacksononline.co.uk /html/jacksononline.co.uk/webapp/images stop17.png
2012.07.15 11:04 A C:\Documents and Settings\Mike\Desktop\webapp\images\stop18.png --> ftp.jacksononline.co.uk /html/jacksononline.co.uk/webapp/images stop18.png
2012.07.15 11:04 A C:\Documents and Settings\Mike\Desktop\webapp\images\stop19.png --> ftp.jacksononline.co.uk /html/jacksononline.co.uk/webapp/images stop19.png
2012.07.15 11:04 A C:\Documents and Settings\Mike\Desktop\webapp\images\stop20.png --> ftp.jacksononline.co.uk /html/jacksononline.co.uk/webapp/images stop20.png
2012.07.15 11:04 A C:\Documents and Settings\Mike\Desktop\webapp\images\stop21.png --> ftp.jacksononline.co.uk /html/jacksononline.co.uk/webapp/images stop21.png
2012.07.15 11:04 A C:\Documents and Settings\Mike\Desktop\webapp\images\stop22.png --> ftp.jacksononline.co.uk /html/jacksononline.co.uk/webapp/images stop22.png
2012.07.15 11:04 A C:\Documents and Settings\Mike\Desktop\webapp\images\stop23.png --> ftp.jacksononline.co.uk /html/jacksononline.co.uk/webapp/images stop23.png
2012.07.15 11:04 A C:\Documents and Settings\Mike\Desktop\webapp\images\stop24.png --> ftp.jacksononline.co.uk /html/jacksononline.co.uk/webapp/images stop24.png
2012.07.15 11:04 A C:\Documents and Settings\Mike\Desktop\webapp\images\stop25.png --> ftp.jacksononline.co.uk /html/jacksononline.co.uk/webapp/images stop25.png
2012.07.15 11:04 A C:\Documents and Settings\Mike\Desktop\webapp\images\stop26.png --> ftp.jacksononline.co.uk /html/jacksononline.co.uk/webapp/images stop26.png
2012.07.15 11:04 A C:\Documents and Settings\Mike\Desktop\webapp\images\stop27.png --> ftp.jacksononline.co.uk /html/jacksononline.co.uk/webapp/images stop27.png
2012.07.15 11:04 A C:\Documents and Settings\Mike\Desktop\webapp\images\Thumbs.db --> ftp.jacksononline.co.uk /html/jacksononline.co.uk/webapp/images Thumbs.db
2012.07.15 11:04 A C:\Documents and Settings\Mike\Desktop\webapp\images\WS_FTP.LOG --> ftp.jacksononline.co.uk /html/jacksononline.co.uk/webapp/images WS_FTP.LOG
2012.07.15 11:58 A C:\Documents and Settings\Mike\Desktop\webapp\images\WS_FTP.LOG --> ftp.jacksononline.co.uk /html/jacksononline.co.uk/marlow/images WS_FTP.LOG
2012.07.15 11:58 A C:\Documents and Settings\Mike\Desktop\webapp\images\Thumbs.db --> ftp.jacksononline.co.uk /html/jacksononline.co.uk/marlow/images Thumbs.db
2012.07.15 11:58 A C:\Documents and Settings\Mike\Desktop\webapp\images\icons-36-white.png --> ftp.jacksononline.co.uk /html/jacksononline.co.uk/marlow/images icons-36-white.png
2012.07.15 11:58 A C:\Documents and Settings\Mike\Desktop\webapp\images\icons-36-black.png --> ftp.jacksononline.co.uk /html/jacksononline.co.uk/marlow/images icons-36-black.png
2012.07.15 11:58 A C:\Documents and Settings\Mike\Desktop\webapp\images\icons-18-white.png --> ftp.jacksononline.co.uk /html/jacksononline.co.uk/marlow/images icons-18-white.png
2012.07.15 11:58 A C:\Documents and Settings\Mike\Desktop\webapp\images\icons-18-black.png --> ftp.jacksononline.co.uk /html/jacksononline.co.uk/marlow/images icons-18-black.png
2012.07.15 11:58 A C:\Documents and Settings\Mike\Desktop\webapp\images\ajax-loader.png --> ftp.jacksononline.co.uk /html/jacksononline.co.uk/marlow/images ajax-loader.png
2012.07.15 11:58 A C:\Documents and Settings\Mike\Desktop\webapp\images\ajax-loader.gif --> ftp.jacksononline.co.uk /html/jacksononline.co.uk/marlow/images ajax-loader.gif
2012.07.15 11:58 A C:\Documents and Settings\Mike\Desktop\webapp\images\background.jpg --> ftp.jacksononline.co.uk /html/jacksononline.co.uk/marlow/images background.jpg
2012.07.15 11:58 A C:\Documents and Settings\Mike\Desktop\webapp\images\app_background_640x960.jpg --> ftp.jacksononline.co.uk /html/jacksononline.co.uk/marlow/images app_background_640x960.jpg
2012.07.15 11:59 A C:\Documents and Settings\Mike\Desktop\webapp\images\map2.psd --> ftp.jacksononline.co.uk /html/jacksononline.co.uk/marlow/images map2.psd
2012.07.15 11:59 A C:\Documents and Settings\Mike\Desktop\webapp\images\map2.png --> ftp.jacksononline.co.uk /html/jacksononline.co.uk/marlow/images map2.png
2012.07.15 11:59 A C:\Documents and Settings\Mike\Desktop\webapp\images\stop27.png --> ftp.jacksononline.co.uk /html/jacksononline.co.uk/marlow/images stop27.png
2012.07.15 11:59 A C:\Documents and Settings\Mike\Desktop\webapp\images\stop26.png --> ftp.jacksononline.co.uk /html/jacksononline.co.uk/marlow/images stop26.png
2012.07.15 11:59 A C:\Documents and Settings\Mike\Desktop\webapp\images\stop25.png --> ftp.jacksononline.co.uk /html/jacksononline.co.uk/marlow/images stop25.png
2012.07.15 11:59 A C:\Documents and Settings\Mike\Desktop\webapp\images\stop24.png --> ftp.jacksononline.co.uk /html/jacksononline.co.uk/marlow/images stop24.png
2012.07.15 11:59 A C:\Documents and Settings\Mike\Desktop\webapp\images\stop23.png --> ftp.jacksononline.co.uk /html/jacksononline.co.uk/marlow/images stop23.png
2012.07.15 11:59 A C:\Documents and Settings\Mike\Desktop\webapp\images\stop22.png --> ftp.jacksononline.co.uk /html/jacksononline.co.uk/marlow/images stop22.png
2012.07.15 11:59 A C:\Documents and Settings\Mike\Desktop\webapp\images\stop21.png --> ftp.jacksononline.co.uk /html/jacksononline.co.uk/marlow/images stop21.png
2012.07.15 11:59 A C:\Documents and Settings\Mike\Desktop\webapp\images\stop20.png --> ftp.jacksononline.co.uk /html/jacksononline.co.uk/marlow/images stop20.png
2012.07.15 11:59 A C:\Documents and Settings\Mike\Desktop\webapp\images\stop19.png --> ftp.jacksononline.co.uk /html/jacksononline.co.uk/marlow/images stop19.png
2012.07.15 11:59 A C:\Documents and Settings\Mike\Desktop\webapp\images\stop18.png --> ftp.jacksononline.co.uk /html/jacksononline.co.uk/marlow/images stop18.png
2012.07.15 11:59 A C:\Documents and Settings\Mike\Desktop\webapp\images\stop17.png --> ftp.jacksononline.co.uk /html/jacksononline.co.uk/marlow/images stop17.png
2012.07.15 11:59 A C:\Documents and Settings\Mike\Desktop\webapp\images\stop16.png --> ftp.jacksononline.co.uk /html/jacksononline.co.uk/marlow/images stop16.png
2012.07.15 11:59 A C:\Documents and Settings\Mike\Desktop\webapp\images\stop15.png --> ftp.jacksononline.co.uk /html/jacksononline.co.uk/marlow/images stop15.png
2012.07.15 11:59 A C:\Documents and Settings\Mike\Desktop\webapp\images\stop14.png --> ftp.jacksononline.co.uk /html/jacksononline.co.uk/marlow/images stop14.png
2012.07.15 11:59 A C:\Documents and Settings\Mike\Desktop\webapp\images\stop13.png --> ftp.jacksononline.co.uk /html/jacksononline.co.uk/marlow/images stop13.png
2012.07.15 11:59 A C:\Documents and Settings\Mike\Desktop\webapp\images\stop12.png --> ftp.jacksononline.co.uk /html/jacksononline.co.uk/marlow/images stop12.png
2012.07.15 11:59 A C:\Documents and Settings\Mike\Desktop\webapp\images\stop11.png --> ftp.jacksononline.co.uk /html/jacksononline.co.uk/marlow/images stop11.png
2012.07.15 11:59 A C:\Documents and Settings\Mike\Desktop\webapp\images\stop10.png --> ftp.jacksononline.co.uk /html/jacksononline.co.uk/marlow/images stop10.png
2012.07.15 11:59 A C:\Documents and Settings\Mike\Desktop\webapp\images\stop09.png --> ftp.jacksononline.co.uk /html/jacksononline.co.uk/marlow/images stop09.png
2012.07.15 11:59 A C:\Documents and Settings\Mike\Desktop\webapp\images\stop08.png --> ftp.jacksononline.co.uk /html/jacksononline.co.uk/marlow/images stop08.png
2012.07.15 11:59 A C:\Documents and Settings\Mike\Desktop\webapp\images\stop07.png --> ftp.jacksononline.co.uk /html/jacksononline.co.uk/marlow/images stop07.png
2012.07.15 11:59 A C:\Documents and Settings\Mike\Desktop\webapp\images\stop06.png --> ftp.jacksononline.co.uk /html/jacksononline.co.uk/marlow/images stop06.png
2012.07.15 11:59 A C:\Documents and Settings\Mike\Desktop\webapp\images\stop05.png --> ftp.jacksononline.co.uk /html/jacksononline.co.uk/marlow/images stop05.png
2012.07.15 11:59 A C:\Documents and Settings\Mike\Desktop\webapp\images\stop04.png --> ftp.jacksononline.co.uk /html/jacksononline.co.uk/marlow/images stop04.png
2012.07.15 11:59 A C:\Documents and Settings\Mike\Desktop\webapp\images\stop03.png --> ftp.jacksononline.co.uk /html/jacksononline.co.uk/marlow/images stop03.png
2012.07.15 11:59 A C:\Documents and Settings\Mike\Desktop\webapp\images\stop02.png --> ftp.jacksononline.co.uk /html/jacksononline.co.uk/marlow/images stop02.png
2012.07.15 11:59 A C:\Documents and Settings\Mike\Desktop\webapp\images\stop01.png --> ftp.jacksononline.co.uk /html/jacksononline.co.uk/marlow/images stop01.png
2012.07.15 11:59 A C:\Documents and Settings\Mike\Desktop\webapp\images\map1.png --> ftp.jacksononline.co.uk /html/jacksononline.co.uk/marlow/images map1.png
2012.07.15 11:59 A C:\Documents and Settings\Mike\Desktop\webapp\images\launch_icon_57.jpg --> ftp.jacksononline.co.uk /html/jacksononline.co.uk/marlow/images launch_icon_57.jpg
2012.07.15 11:59 A C:\Documents and Settings\Mike\Desktop\webapp\images\launch_icon_72.jpg --> ftp.jacksononline.co.uk /html/jacksononline.co.uk/marlow/images launch_icon_72.jpg
2012.07.15 11:59 A C:\Documents and Settings\Mike\Desktop\webapp\images\launch_icon_114.jpg --> ftp.jacksononline.co.uk /html/jacksononline.co.uk/marlow/images launch_icon_114.jpg
2012.07.15 11:59 A C:\Documents and Settings\Mike\Desktop\webapp\images\bg.png --> ftp.jacksononline.co.uk /html/jacksononline.co.uk/marlow/images bg.png
2012.07.15 11:59 A C:\Documents and Settings\Mike\Desktop\webapp\images\app icon.jpg --> ftp.jacksononline.co.uk /html/jacksononline.co.uk/marlow/images app icon.jpg
2012.07.15 12:03 A C:\Documents and Settings\Mike\Desktop\webapp\images\stop01.jpg --> ftp.jacksononline.co.uk /html/jacksononline.co.uk/marlow/images stop01.jpg
2012.07.15 12:17 A C:\Documents and Settings\Mike\Desktop\webapp\images\background.jpg --> ftp.jacksononline.co.uk /html/jacksononline.co.uk background.jpg
2012.07.15 12:18 A C:\Documents and Settings\Mike\Desktop\webapp\images\map1.png --> ftp.jacksononline.co.uk /html/jacksononline.co.uk map1.png
2012.07.15 13:31 B C:\Documents and Settings\Mike\Desktop\webapp\images\stop01.jpg --> ftp.jacksononline.co.uk /html/jacksononline.co.uk/marlow/images stop01.jpg
2012.07.15 13:32 B C:\Documents and Settings\Mike\Desktop\webapp\images\ajax-loader.gif --> ftp.jacksononline.co.uk /html/jacksononline.co.uk/marlow/images ajax-loader.gif
2012.07.15 13:32 B C:\Documents and Settings\Mike\Desktop\webapp\images\ajax-loader.png --> ftp.jacksononline.co.uk /html/jacksononline.co.uk/marlow/images ajax-loader.png
2012.07.15 13:32 B C:\Documents and Settings\Mike\Desktop\webapp\images\app icon.jpg --> ftp.jacksononline.co.uk /html/jacksononline.co.uk/marlow/images app icon.jpg
2012.07.15 13:32 B C:\Documents and Settings\Mike\Desktop\webapp\images\app_background_640x960.jpg --> ftp.jacksononline.co.uk /html/jacksononline.co.uk/marlow/images app_background_640x960.jpg
2012.07.15 13:32 B C:\Documents and Settings\Mike\Desktop\webapp\images\background.jpg --> ftp.jacksononline.co.uk /html/jacksononline.co.uk/marlow/images background.jpg
2012.07.15 13:32 B C:\Documents and Settings\Mike\Desktop\webapp\images\bg.png --> ftp.jacksononline.co.uk /html/jacksononline.co.uk/marlow/images bg.png
2012.07.15 13:32 B C:\Documents and Settings\Mike\Desktop\webapp\images\icons-18-black.png --> ftp.jacksononline.co.uk /html/jacksononline.co.uk/marlow/images icons-18-black.png
2012.07.15 13:32 B C:\Documents and Settings\Mike\Desktop\webapp\images\icons-18-white.png --> ftp.jacksononline.co.uk /html/jacksononline.co.uk/marlow/images icons-18-white.png
2012.07.15 13:32 B C:\Documents and Settings\Mike\Desktop\webapp\images\icons-36-black.png --> ftp.jacksononline.co.uk /html/jacksononline.co.uk/marlow/images icons-36-black.png
2012.07.15 13:32 B C:\Documents and Settings\Mike\Desktop\webapp\images\icons-36-white.png --> ftp.jacksononline.co.uk /html/jacksononline.co.uk/marlow/images icons-36-white.png
2012.07.15 13:32 B C:\Documents and Settings\Mike\Desktop\webapp\images\launch_icon_114.jpg --> ftp.jacksononline.co.uk /html/jacksononline.co.uk/marlow/images launch_icon_114.jpg
2012.07.15 13:32 B C:\Documents and Settings\Mike\Desktop\webapp\images\launch_icon_57.jpg --> ftp.jacksononline.co.uk /html/jacksononline.co.uk/marlow/images launch_icon_57.jpg
2012.07.15 13:32 B C:\Documents and Settings\Mike\Desktop\webapp\images\launch_icon_72.jpg --> ftp.jacksononline.co.uk /html/jacksononline.co.uk/marlow/images launch_icon_72.jpg
2012.07.15 13:32 B C:\Documents and Settings\Mike\Desktop\webapp\images\map1.png --> ftp.jacksononline.co.uk /html/jacksononline.co.uk/marlow/images map1.png
2012.07.15 13:32 B C:\Documents and Settings\Mike\Desktop\webapp\images\map2.png --> ftp.jacksononline.co.uk /html/jacksononline.co.uk/marlow/images map2.png
2012.07.15 13:32 B C:\Documents and Settings\Mike\Desktop\webapp\images\map2.psd --> ftp.jacksononline.co.uk /html/jacksononline.co.uk/marlow/images map2.psd
2012.07.15 13:32 B C:\Documents and Settings\Mike\Desktop\webapp\images\stop01.jpg --> ftp.jacksononline.co.uk /html/jacksononline.co.uk/marlow/images stop01.jpg
2012.07.15 13:32 B C:\Documents and Settings\Mike\Desktop\webapp\images\stop01.png --> ftp.jacksononline.co.uk /html/jacksononline.co.uk/marlow/images stop01.png
2012.07.15 13:32 B C:\Documents and Settings\Mike\Desktop\webapp\images\stop02.png --> ftp.jacksononline.co.uk /html/jacksononline.co.uk/marlow/images stop02.png
2012.07.15 13:32 B C:\Documents and Settings\Mike\Desktop\webapp\images\stop03.png --> ftp.jacksononline.co.uk /html/jacksononline.co.uk/marlow/images stop03.png
2012.07.15 13:32 B C:\Documents and Settings\Mike\Desktop\webapp\images\stop04.png --> ftp.jacksononline.co.uk /html/jacksononline.co.uk/marlow/images stop04.png
2012.07.15 13:32 B C:\Documents and Settings\Mike\Desktop\webapp\images\stop05.png --> ftp.jacksononline.co.uk /html/jacksononline.co.uk/marlow/images stop05.png
2012.07.15 13:32 B C:\Documents and Settings\Mike\Desktop\webapp\images\stop06.png --> ftp.jacksononline.co.uk /html/jacksononline.co.uk/marlow/images stop06.png
2012.07.15 13:32 B C:\Documents and Settings\Mike\Desktop\webapp\images\stop07.png --> ftp.jacksononline.co.uk /html/jacksononline.co.uk/marlow/images stop07.png
2012.07.15 13:32 B C:\Documents and Settings\Mike\Desktop\webapp\images\stop08.png --> ftp.jacksononline.co.uk /html/jacksononline.co.uk/marlow/images stop08.png
2012.07.15 13:32 B C:\Documents and Settings\Mike\Desktop\webapp\images\stop09.png --> ftp.jacksononline.co.uk /html/jacksononline.co.uk/marlow/images stop09.png
2012.07.15 13:32 B C:\Documents and Settings\Mike\Desktop\webapp\images\stop10.png --> ftp.jacksononline.co.uk /html/jacksononline.co.uk/marlow/images stop10.png
2012.07.15 13:32 B C:\Documents and Settings\Mike\Desktop\webapp\images\stop11.png --> ftp.jacksononline.co.uk /html/jacksononline.co.uk/marlow/images stop11.png
2012.07.15 13:32 B C:\Documents and Settings\Mike\Desktop\webapp\images\stop12.png --> ftp.jacksononline.co.uk /html/jacksononline.co.uk/marlow/images stop12.png
2012.07.15 13:32 B C:\Documents and Settings\Mike\Desktop\webapp\images\stop13.png --> ftp.jacksononline.co.uk /html/jacksononline.co.uk/marlow/images stop13.png
2012.07.15 13:32 B C:\Documents and Settings\Mike\Desktop\webapp\images\stop14.png --> ftp.jacksononline.co.uk /html/jacksononline.co.uk/marlow/images stop14.png
2012.07.15 13:32 B C:\Documents and Settings\Mike\Desktop\webapp\images\stop15.png --> ftp.jacksononline.co.uk /html/jacksononline.co.uk/marlow/images stop15.png
2012.07.15 13:32 B C:\Documents and Settings\Mike\Desktop\webapp\images\stop16.png --> ftp.jacksononline.co.uk /html/jacksononline.co.uk/marlow/images stop16.png
2012.07.15 13:32 B C:\Documents and Settings\Mike\Desktop\webapp\images\stop17.png --> ftp.jacksononline.co.uk /html/jacksononline.co.uk/marlow/images stop17.png
2012.07.15 13:32 B C:\Documents and Settings\Mike\Desktop\webapp\images\stop18.png --> ftp.jacksononline.co.uk /html/jacksononline.co.uk/marlow/images stop18.png
2012.07.15 13:32 B C:\Documents and Settings\Mike\Desktop\webapp\images\stop19.png --> ftp.jacksononline.co.uk /html/jacksononline.co.uk/marlow/images stop19.png
2012.07.15 13:32 B C:\Documents and Settings\Mike\Desktop\webapp\images\stop20.png --> ftp.jacksononline.co.uk /html/jacksononline.co.uk/marlow/images stop20.png
2012.07.15 13:32 B C:\Documents and Settings\Mike\Desktop\webapp\images\stop21.png --> ftp.jacksononline.co.uk /html/jacksononline.co.uk/marlow/images stop21.png
2012.07.15 13:32 B C:\Documents and Settings\Mike\Desktop\webapp\images\stop22.png --> ftp.jacksononline.co.uk /html/jacksononline.co.uk/marlow/images stop22.png
2012.07.15 13:32 B C:\Documents and Settings\Mike\Desktop\webapp\images\stop23.png --> ftp.jacksononline.co.uk /html/jacksononline.co.uk/marlow/images stop23.png
2012.07.15 13:32 B C:\Documents and Settings\Mike\Desktop\webapp\images\stop24.png --> ftp.jacksononline.co.uk /html/jacksononline.co.uk/marlow/images stop24.png
2012.07.15 13:32 B C:\Documents and Settings\Mike\Desktop\webapp\images\stop25.png --> ftp.jacksononline.co.uk /html/jacksononline.co.uk/marlow/images stop25.png
2012.07.15 13:32 B C:\Documents and Settings\Mike\Desktop\webapp\images\stop26.png --> ftp.jacksononline.co.uk /html/jacksononline.co.uk/marlow/images stop26.png
2012.07.15 13:32 B C:\Documents and Settings\Mike\Desktop\webapp\images\stop27.png --> ftp.jacksononline.co.uk /html/jacksononline.co.uk/marlow/images stop27.png
2012.07.15 13:32 B C:\Documents and Settings\Mike\Desktop\webapp\images\Thumbs.db --> ftp.jacksononline.co.uk /html/jacksononline.co.uk/marlow/images Thumbs.db
2012.07.15 13:32 B C:\Documents and Settings\Mike\Desktop\webapp\images\WS_FTP.LOG --> ftp.jacksononline.co.uk /html/jacksononline.co.uk/marlow/images WS_FTP.LOG
2012.07.15 14:14 B C:\Documents and Settings\Mike\Desktop\webapp\images\script01-a.jpg --> ftp.jacksononline.co.uk /html/jacksononline.co.uk/marlow/images script01-a.jpg
2012.07.15 14:14 B C:\Documents and Settings\Mike\Desktop\webapp\images\script01-b.jpg --> ftp.jacksononline.co.uk /html/jacksononline.co.uk/marlow/images script01-b.jpg
2012.07.15 14:14 B C:\Documents and Settings\Mike\Desktop\webapp\images\script01-c.jpg --> ftp.jacksononline.co.uk /html/jacksononline.co.uk/marlow/images script01-c.jpg
2012.07.15 17:11 B C:\Documents and Settings\Mike\Desktop\webapp\images\background.png --> ftp.jacksononline.co.uk /html/jacksononline.co.uk/marlow/images background.png
2012.07.15 17:12 B C:\Documents and Settings\Mike\Desktop\webapp\images\background.png --> ftp.jacksononline.co.uk /html/jacksononline.co.uk/marlow/images background.png
2012.07.15 18:04 B C:\Documents and Settings\Mike\Desktop\webapp\images\background.png --> ftp.jacksononline.co.uk /html/jacksononline.co.uk/marlow/images background.png
2012.07.15 20:47 B C:\Documents and Settings\Mike\Desktop\webapp\images\script09-c.jpg --> ftp.jacksononline.co.uk /html/jacksononline.co.uk/marlow/images script09-c.jpg
2012.07.15 20:47 B C:\Documents and Settings\Mike\Desktop\webapp\images\script09-b.jpg --> ftp.jacksononline.co.uk /html/jacksononline.co.uk/marlow/images script09-b.jpg
2012.07.15 20:47 B C:\Documents and Settings\Mike\Desktop\webapp\images\script09-a.jpg --> ftp.jacksononline.co.uk /html/jacksononline.co.uk/marlow/images script09-a.jpg
2012.07.15 21:02 B C:\Documents and Settings\Mike\Desktop\webapp\images\route_map.png --> ftp.jacksononline.co.uk /html/jacksononline.co.uk/marlow/images route_map.png
2012.07.15 21:25 B C:\Documents and Settings\Mike\Desktop\webapp\images\script07-c.jpg --> ftp.jacksononline.co.uk /html/jacksononline.co.uk/marlow/images script07-c.jpg
2012.07.15 21:25 B C:\Documents and Settings\Mike\Desktop\webapp\images\script07-b.jpg --> ftp.jacksononline.co.uk /html/jacksononline.co.uk/marlow/images script07-b.jpg
2012.07.15 21:25 B C:\Documents and Settings\Mike\Desktop\webapp\images\script07-a.jpg --> ftp.jacksononline.co.uk /html/jacksononline.co.uk/marlow/images script07-a.jpg
2012.07.15 21:25 B C:\Documents and Settings\Mike\Desktop\webapp\images\script06-b.jpg --> ftp.jacksononline.co.uk /html/jacksononline.co.uk/marlow/images script06-b.jpg
2012.07.15 21:25 B C:\Documents and Settings\Mike\Desktop\webapp\images\script06-a.jpg --> ftp.jacksononline.co.uk /html/jacksononline.co.uk/marlow/images script06-a.jpg
2012.07.15 21:25 B C:\Documents and Settings\Mike\Desktop\webapp\images\script05-c.jpg --> ftp.jacksononline.co.uk /html/jacksononline.co.uk/marlow/images script05-c.jpg
2012.07.15 21:25 B C:\Documents and Settings\Mike\Desktop\webapp\images\script05-b.jpg --> ftp.jacksononline.co.uk /html/jacksononline.co.uk/marlow/images script05-b.jpg
2012.07.15 21:25 B C:\Documents and Settings\Mike\Desktop\webapp\images\script05-a.jpg --> ftp.jacksononline.co.uk /html/jacksononline.co.uk/marlow/images script05-a.jpg
2012.07.15 21:25 B C:\Documents and Settings\Mike\Desktop\webapp\images\script04-d.jpg --> ftp.jacksononline.co.uk /html/jacksononline.co.uk/marlow/images script04-d.jpg
2012.07.15 21:26 B C:\Documents and Settings\Mike\Desktop\webapp\images\script04-c.jpg --> ftp.jacksononline.co.uk /html/jacksononline.co.uk/marlow/images script04-c.jpg
2012.07.15 21:26 B C:\Documents and Settings\Mike\Desktop\webapp\images\script04-b.jpg --> ftp.jacksononline.co.uk /html/jacksononline.co.uk/marlow/images script04-b.jpg
2012.07.15 21:26 B C:\Documents and Settings\Mike\Desktop\webapp\images\script04-a.jpg --> ftp.jacksononline.co.uk /html/jacksononline.co.uk/marlow/images script04-a.jpg
2012.07.15 21:26 B C:\Documents and Settings\Mike\Desktop\webapp\images\script03-b.jpg --> ftp.jacksononline.co.uk /html/jacksononline.co.uk/marlow/images script03-b.jpg
2012.07.15 21:26 B C:\Documents and Settings\Mike\Desktop\webapp\images\script03-a.jpg --> ftp.jacksononline.co.uk /html/jacksononline.co.uk/marlow/images script03-a.jpg
2012.07.15 21:26 B C:\Documents and Settings\Mike\Desktop\webapp\images\script02-c.jpg --> ftp.jacksononline.co.uk /html/jacksononline.co.uk/marlow/images script02-c.jpg
2012.07.15 21:26 B C:\Documents and Settings\Mike\Desktop\webapp\images\script02-b.jpg --> ftp.jacksononline.co.uk /html/jacksononline.co.uk/marlow/images script02-b.jpg
2012.07.15 21:26 B C:\Documents and Settings\Mike\Desktop\webapp\images\script02-a.jpg --> ftp.jacksononline.co.uk /html/jacksononline.co.uk/marlow/images script02-a.jpg
2012.07.17 11:03 B C:\Documents and Settings\Mike\Desktop\webapp\images\discovering britain logo.gif --> ftp.jacksononline.co.uk /html/jacksononline.co.uk/marlow/images discovering britain logo.gif
2012.07.17 11:16 B C:\Documents and Settings\Mike\Desktop\webapp\images\background_320x480.jpg --> ftp.jacksononline.co.uk /html/jacksononline.co.uk/marlow/images background_320x480.jpg
2012.07.17 11:55 B C:\Documents and Settings\Mike\Desktop\webapp\images\map8.png --> ftp.jacksononline.co.uk /html/jacksononline.co.uk/marlow/images map8.png
2012.07.17 11:55 B C:\Documents and Settings\Mike\Desktop\webapp\images\map7.png --> ftp.jacksononline.co.uk /html/jacksononline.co.uk/marlow/images map7.png
2012.07.17 11:55 B C:\Documents and Settings\Mike\Desktop\webapp\images\map6.png --> ftp.jacksononline.co.uk /html/jacksononline.co.uk/marlow/images map6.png
2012.07.17 11:55 B C:\Documents and Settings\Mike\Desktop\webapp\images\map5.png --> ftp.jacksononline.co.uk /html/jacksononline.co.uk/marlow/images map5.png
2012.07.17 11:55 B C:\Documents and Settings\Mike\Desktop\webapp\images\map4.png --> ftp.jacksononline.co.uk /html/jacksononline.co.uk/marlow/images map4.png
2012.07.17 11:55 B C:\Documents and Settings\Mike\Desktop\webapp\images\map3.png --> ftp.jacksononline.co.uk /html/jacksononline.co.uk/marlow/images map3.png
2012.07.17 12:32 B C:\Documents and Settings\Mike\Desktop\webapp\images\feedback.gif --> ftp.jacksononline.co.uk /html/jacksononline.co.uk/marlow/images feedback.gif
2012.07.17 12:35 B C:\Documents and Settings\Mike\Desktop\webapp\images\background_640x960.jpg --> ftp.jacksononline.co.uk /html/jacksononline.co.uk/marlow/images background_640x960.jpg
2012.07.17 13:03 B C:\Documents and Settings\Mike\Desktop\webapp\images\feedback.gif --> ftp.jacksononline.co.uk /html/jacksononline.co.uk/marlow/images feedback.gif
2012.07.19 12:05 B C:\Documents and Settings\Mike\Desktop\webapp\images\script27-b.jpg --> ftp.jacksononline.co.uk /html/jacksononline.co.uk/marlow/images script27-b.jpg
2012.07.19 12:05 B C:\Documents and Settings\Mike\Desktop\webapp\images\Thumbs.db --> ftp.jacksononline.co.uk /html/jacksononline.co.uk/marlow/images Thumbs.db
2012.07.19 12:05 B C:\Documents and Settings\Mike\Desktop\webapp\images\script27-a.jpg --> ftp.jacksononline.co.uk /html/jacksononline.co.uk/marlow/images script27-a.jpg
2012.07.19 12:05 B C:\Documents and Settings\Mike\Desktop\webapp\images\script26-c.jpg --> ftp.jacksononline.co.uk /html/jacksononline.co.uk/marlow/images script26-c.jpg
2012.07.19 12:05 B C:\Documents and Settings\Mike\Desktop\webapp\images\script26-b.jpg --> ftp.jacksononline.co.uk /html/jacksononline.co.uk/marlow/images script26-b.jpg
2012.07.19 12:05 B C:\Documents and Settings\Mike\Desktop\webapp\images\script26-a.jpg --> ftp.jacksononline.co.uk /html/jacksononline.co.uk/marlow/images script26-a.jpg
2012.07.19 12:05 B C:\Documents and Settings\Mike\Desktop\webapp\images\script25-c.jpg --> ftp.jacksononline.co.uk /html/jacksononline.co.uk/marlow/images script25-c.jpg
2012.07.19 12:05 B C:\Documents and Settings\Mike\Desktop\webapp\images\script25-b.jpg --> ftp.jacksononline.co.uk /html/jacksononline.co.uk/marlow/images script25-b.jpg
2012.07.19 12:05 B C:\Documents and Settings\Mike\Desktop\webapp\images\script25-a.jpg --> ftp.jacksononline.co.uk /html/jacksononline.co.uk/marlow/images script25-a.jpg
2012.07.19 12:05 B C:\Documents and Settings\Mike\Desktop\webapp\images\script24-d.jpg --> ftp.jacksononline.co.uk /html/jacksononline.co.uk/marlow/images script24-d.jpg
2012.07.19 12:05 B C:\Documents and Settings\Mike\Desktop\webapp\images\script24-c.jpg --> ftp.jacksononline.co.uk /html/jacksononline.co.uk/marlow/images script24-c.jpg
2012.07.19 12:05 B C:\Documents and Settings\Mike\Desktop\webapp\images\script24-b.jpg --> ftp.jacksononline.co.uk /html/jacksononline.co.uk/marlow/images script24-b.jpg
2012.07.19 12:05 B C:\Documents and Settings\Mike\Desktop\webapp\images\script24-a.jpg --> ftp.jacksononline.co.uk /html/jacksononline.co.uk/marlow/images script24-a.jpg
2012.07.19 12:05 B C:\Documents and Settings\Mike\Desktop\webapp\images\script23-c.jpg --> ftp.jacksononline.co.uk /html/jacksononline.co.uk/marlow/images script23-c.jpg
2012.07.19 12:05 B C:\Documents and Settings\Mike\Desktop\webapp\images\script23-b.jpg --> ftp.jacksononline.co.uk /html/jacksononline.co.uk/marlow/images script23-b.jpg
2012.07.19 12:05 B C:\Documents and Settings\Mike\Desktop\webapp\images\script23-a.jpg --> ftp.jacksononline.co.uk /html/jacksononline.co.uk/marlow/images script23-a.jpg
2012.07.19 12:05 B C:\Documents and Settings\Mike\Desktop\webapp\images\script22-b.jpg --> ftp.jacksononline.co.uk /html/jacksononline.co.uk/marlow/images script22-b.jpg
2012.07.19 12:05 B C:\Documents and Settings\Mike\Desktop\webapp\images\script22-a.jpg --> ftp.jacksononline.co.uk /html/jacksononline.co.uk/marlow/images script22-a.jpg
2012.07.19 12:05 B C:\Documents and Settings\Mike\Desktop\webapp\images\script21-c.jpg --> ftp.jacksononline.co.uk /html/jacksononline.co.uk/marlow/images script21-c.jpg
2012.07.19 12:06 B C:\Documents and Settings\Mike\Desktop\webapp\images\script21-b.jpg --> ftp.jacksononline.co.uk /html/jacksononline.co.uk/marlow/images script21-b.jpg
2012.07.19 12:06 B C:\Documents and Settings\Mike\Desktop\webapp\images\script21-a.jpg --> ftp.jacksononline.co.uk /html/jacksononline.co.uk/marlow/images script21-a.jpg
2012.07.19 12:06 B C:\Documents and Settings\Mike\Desktop\webapp\images\script20-b.jpg --> ftp.jacksononline.co.uk /html/jacksononline.co.uk/marlow/images script20-b.jpg
2012.07.19 12:06 B C:\Documents and Settings\Mike\Desktop\webapp\images\script20-a.jpg --> ftp.jacksononline.co.uk /html/jacksononline.co.uk/marlow/images script20-a.jpg
2012.07.19 12:06 B C:\Documents and Settings\Mike\Desktop\webapp\images\script19-a.jpg --> ftp.jacksononline.co.uk /html/jacksononline.co.uk/marlow/images script19-a.jpg
2012.07.19 12:06 B C:\Documents and Settings\Mike\Desktop\webapp\images\script19-b.jpg --> ftp.jacksononline.co.uk /html/jacksononline.co.uk/marlow/images script19-b.jpg
2012.07.19 12:06 B C:\Documents and Settings\Mike\Desktop\webapp\images\script18-b.jpg --> ftp.jacksononline.co.uk /html/jacksononline.co.uk/marlow/images script18-b.jpg
2012.07.19 12:06 B C:\Documents and Settings\Mike\Desktop\webapp\images\script17-a.jpg --> ftp.jacksononline.co.uk /html/jacksononline.co.uk/marlow/images script17-a.jpg
2012.07.19 12:06 B C:\Documents and Settings\Mike\Desktop\webapp\images\script18-a.jpg --> ftp.jacksononline.co.uk /html/jacksononline.co.uk/marlow/images script18-a.jpg
2012.07.19 12:06 B C:\Documents and Settings\Mike\Desktop\webapp\images\script17-b.jpg --> ftp.jacksononline.co.uk /html/jacksononline.co.uk/marlow/images script17-b.jpg
2012.07.19 12:06 B C:\Documents and Settings\Mike\Desktop\webapp\images\script16-c.jpg --> ftp.jacksononline.co.uk /html/jacksononline.co.uk/marlow/images script16-c.jpg
2012.07.19 12:06 B C:\Documents and Settings\Mike\Desktop\webapp\images\script16-b.jpg --> ftp.jacksononline.co.uk /html/jacksononline.co.uk/marlow/images script16-b.jpg
2012.07.19 12:06 B C:\Documents and Settings\Mike\Desktop\webapp\images\script16-a.jpg --> ftp.jacksononline.co.uk /html/jacksononline.co.uk/marlow/images script16-a.jpg
2012.07.19 12:06 B C:\Documents and Settings\Mike\Desktop\webapp\images\script15-a.jpg --> ftp.jacksononline.co.uk /html/jacksononline.co.uk/marlow/images script15-a.jpg
2012.07.19 12:06 B C:\Documents and Settings\Mike\Desktop\webapp\images\script15-b.jpg --> ftp.jacksononline.co.uk /html/jacksononline.co.uk/marlow/images script15-b.jpg
2012.07.19 12:06 B C:\Documents and Settings\Mike\Desktop\webapp\images\script14-b.jpg --> ftp.jacksononline.co.uk /html/jacksononline.co.uk/marlow/images script14-b.jpg
2012.07.19 12:06 B C:\Documents and Settings\Mike\Desktop\webapp\images\script14-a.jpg --> ftp.jacksononline.co.uk /html/jacksononline.co.uk/marlow/images script14-a.jpg
2012.07.19 12:06 B C:\Documents and Settings\Mike\Desktop\webapp\images\script13-a.jpg --> ftp.jacksononline.co.uk /html/jacksononline.co.uk/marlow/images script13-a.jpg
2012.07.19 12:06 B C:\Documents and Settings\Mike\Desktop\webapp\images\script13-b.jpg --> ftp.jacksononline.co.uk /html/jacksononline.co.uk/marlow/images script13-b.jpg
2012.07.19 12:06 B C:\Documents and Settings\Mike\Desktop\webapp\images\script06-c.jpg --> ftp.jacksononline.co.uk /html/jacksononline.co.uk/marlow/images script06-c.jpg
2012.07.19 12:06 B C:\Documents and Settings\Mike\Desktop\webapp\images\script06-b.jpg --> ftp.jacksononline.co.uk /html/jacksononline.co.uk/marlow/images script06-b.jpg
2012.07.19 12:06 B C:\Documents and Settings\Mike\Desktop\webapp\images\script03-c.jpg --> ftp.jacksononline.co.uk /html/jacksononline.co.uk/marlow/images script03-c.jpg
2012.07.19 12:06 B C:\Documents and Settings\Mike\Desktop\webapp\images\script03-d.jpg --> ftp.jacksononline.co.uk /html/jacksononline.co.uk/marlow/images script03-d.jpg
2012.07.19 12:06 B C:\Documents and Settings\Mike\Desktop\webapp\images\script12-c.jpg --> ftp.jacksononline.co.uk /html/jacksononline.co.uk/marlow/images script12-c.jpg
2012.07.19 12:06 B C:\Documents and Settings\Mike\Desktop\webapp\images\script12-b.jpg --> ftp.jacksononline.co.uk /html/jacksononline.co.uk/marlow/images script12-b.jpg
2012.07.19 12:06 B C:\Documents and Settings\Mike\Desktop\webapp\images\script12-a.jpg --> ftp.jacksononline.co.uk /html/jacksononline.co.uk/marlow/images script12-a.jpg
2012.07.19 12:06 B C:\Documents and Settings\Mike\Desktop\webapp\images\script11-c.jpg --> ftp.jacksononline.co.uk /html/jacksononline.co.uk/marlow/images script11-c.jpg
2012.07.19 12:06 B C:\Documents and Settings\Mike\Desktop\webapp\images\script10-c.jpg --> ftp.jacksononline.co.uk /html/jacksononline.co.uk/marlow/images script10-c.jpg
2012.07.19 12:06 B C:\Documents and Settings\Mike\Desktop\webapp\images\script11-b.jpg --> ftp.jacksononline.co.uk /html/jacksononline.co.uk/marlow/images script11-b.jpg
2012.07.19 12:06 B C:\Documents and Settings\Mike\Desktop\webapp\images\script11-a.jpg --> ftp.jacksononline.co.uk /html/jacksononline.co.uk/marlow/images script11-a.jpg
2012.07.19 12:06 B C:\Documents and Settings\Mike\Desktop\webapp\images\script10-b.jpg --> ftp.jacksononline.co.uk /html/jacksononline.co.uk/marlow/images script10-b.jpg
2012.07.19 12:06 B C:\Documents and Settings\Mike\Desktop\webapp\images\script10-a.jpg --> ftp.jacksononline.co.uk /html/jacksononline.co.uk/marlow/images script10-a.jpg
2012.07.19 12:06 B C:\Documents and Settings\Mike\Desktop\webapp\images\script08-b.jpg --> ftp.jacksononline.co.uk /html/jacksononline.co.uk/marlow/images script08-b.jpg
2012.07.19 12:06 B C:\Documents and Settings\Mike\Desktop\webapp\images\script08-a.jpg --> ftp.jacksononline.co.uk /html/jacksononline.co.uk/marlow/images script08-a.jpg
2012.07.19 12:06 B C:\Documents and Settings\Mike\Desktop\webapp\images\script07-b.jpg --> ftp.jacksononline.co.uk /html/jacksononline.co.uk/marlow/images script07-b.jpg
2012.07.19 12:38 B C:\Documents and Settings\Mike\Desktop\webapp\images\script19-a.jpg --> ftp.jacksononline.co.uk /html/jacksononline.co.uk/marlow/images script19-a.jpg
2012.07.19 12:38 B C:\Documents and Settings\Mike\Desktop\webapp\images\script27-b.jpg --> ftp.jacksononline.co.uk /html/jacksononline.co.uk/marlow/images script27-b.jpg
2012.07.19 12:38 B C:\Documents and Settings\Mike\Desktop\webapp\images\script27-a.jpg --> ftp.jacksononline.co.uk /html/jacksononline.co.uk/marlow/images script27-a.jpg
2012.07.19 12:38 B C:\Documents and Settings\Mike\Desktop\webapp\images\script26-c.jpg --> ftp.jacksononline.co.uk /html/jacksononline.co.uk/marlow/images script26-c.jpg
2012.07.19 12:38 B C:\Documents and Settings\Mike\Desktop\webapp\images\script26-b.jpg --> ftp.jacksononline.co.uk /html/jacksononline.co.uk/marlow/images script26-b.jpg
2012.07.19 12:38 B C:\Documents and Settings\Mike\Desktop\webapp\images\script26-a.jpg --> ftp.jacksononline.co.uk /html/jacksononline.co.uk/marlow/images script26-a.jpg
2012.07.19 12:38 B C:\Documents and Settings\Mike\Desktop\webapp\images\script25-c.jpg --> ftp.jacksononline.co.uk /html/jacksononline.co.uk/marlow/images script25-c.jpg
2012.07.21 13:34 B C:\Documents and Settings\Mike\Desktop\webapp\images\hiking.png --> ftp.jacksononline.co.uk /html/jacksononline.co.uk/test hiking.png
2012.07.22 11:20 B C:\Documents and Settings\Mike\Desktop\webapp\images\splash.png --> ftp.jacksononline.co.uk /html/jacksononline.co.uk/test splash.png
2012.07.22 11:55 B C:\Documents and Settings\Mike\Desktop\webapp\images\splash.gif --> ftp.jacksononline.co.uk /html/jacksononline.co.uk/test splash.gif
2012.07.22 11:59 B C:\Documents and Settings\Mike\Desktop\webapp\images\splash.gif --> ftp.jacksononline.co.uk /html/jacksononline.co.uk/test splash.gif
2012.07.22 12:00 B C:\Documents and Settings\Mike\Desktop\webapp\images\splash.gif --> ftp.jacksononline.co.uk /html/jacksononline.co.uk/test splash.gif
2012.07.22 12:07 B C:\Documents and Settings\Mike\Desktop\webapp\images\splash.gif --> ftp.jacksononline.co.uk /html/jacksononline.co.uk/test splash.gif
2012.07.22 16:53 B C:\Documents and Settings\Mike\Desktop\webapp\images\splash.png --> ftp.jacksononline.co.uk /html/jacksononline.co.uk/test splash.png
2012.07.23 12:50 B C:\Documents and Settings\Mike\Desktop\webapp\images\splash.png --> ftp.jacksononline.co.uk /html/jacksononline.co.uk/marlow splash.png
2012.07.23 12:53 B C:\Documents and Settings\Mike\Desktop\webapp\images\splash.png --> ftp.jacksononline.co.uk /html/jacksononline.co.uk/marlow splash.png
